0 info it worked if it ends with ok
1 verbose cli [ 'C:\\Program Files\\nodejs\\node.exe',
1 verbose cli   'C:\\Program Files\\nodejs\\node_modules\\npm\\bin\\npm-cli.js',
1 verbose cli   'start' ]
2 info using npm@3.10.10
3 info using node@v6.10.2
4 verbose run-script [ 'prestart', 'start', 'poststart' ]
5 info lifecycle @~prestart: @
6 silly lifecycle @~prestart: no script for prestart, continuing
7 info lifecycle @~start: @
8 verbose lifecycle @~start: unsafe-perm in lifecycle true
9 verbose lifecycle @~start: PATH: C:\Program Files\nodejs\node_modules\npm\bin\node-gyp-bin;C:\ZGDATA\VCS\Configuration\Mean\Angular JS\Angular2\Basic\Components\2 property bindings\Ex1\node_modules\.bin;C:\Program Files\Java\jdk1.8.0_45\bin;C:\ZDSoftwares\maven2\bin;C:\app\kkanumuri\product\11.2.0\client_1;C:\app\kkanumuri\product\11.1.0\db_1\bin;C:\ProgramData\Oracle\Java\javapath;C:\windows\system32;C:\windows;C:\windows\System32\Wbem;C:\windows\System32\WindowsPowerShell\v1.0\;C:\windows\System32\WindowsPowerShell\v1.0\;C:\Program Files (x86)\Enterprise Vault\EVClient\;C:\Program Files (x86)\Microsoft SQL Server\110\Tools\Binn\;C:\Program Files\Microsoft SQL Server\110\Tools\Binn\;C:\Program Files\Microsoft SQL Server\110\DTS\Binn\;C:\Program Files (x86)\Microsoft SQL Server\110\Tools\Binn\ManagementStudio\;C:\Program Files (x86)\Microsoft SQL Server\110\DTS\Binn\;C:\Program Files\TortoiseSVN\bin;C:\Program Files (x86)\Google\Chrome\Application\;C:\ZDSoftwares\npp.6.6.9.bin;C:\Program Files\VisualSVN Server\bin;C:\Program Files (x86)\Git\cmd;C:\Program Files (x86)\Git\bin;C:\Program Files (x86)\SmartBear\SoapUI-5.0.0\bin;C:\ZFRD\Test\ant18\bin;C:\Program Files\Perforce;C:\ZGDATA\VCS\Configuration\Mean\Mongo DB\Softwares\mongodb-win32-x86_64-2008plus-ssl-3.0.0\bin;C:\Program Files\SlikSvn\bin;C:\Users\kkanumuri\AppData\Roaming\npm;C:\Program Files\nodejs\;C:\Users\kkanumuri\AppData\Roaming\npm
10 verbose lifecycle @~start: CWD: C:\ZGDATA\VCS\Configuration\Mean\Angular JS\Angular2\Basic\Components\2 property bindings\Ex1
11 silly lifecycle @~start: Args: [ '/d /s /c',
11 silly lifecycle   'concurrently "npm run tscwatch" "npm run lite" ' ]
12 silly lifecycle @~start: Returned: code: 3221225786  signal: null
13 info lifecycle @~start: Failed to exec start script
14 verbose stack Error: @ start: `concurrently "npm run tscwatch" "npm run lite" `
14 verbose stack Exit status 3221225786
14 verbose stack     at EventEmitter.<anonymous> (C:\Program Files\nodejs\node_modules\npm\lib\utils\lifecycle.js:255:16)
14 verbose stack     at emitTwo (events.js:106:13)
14 verbose stack     at EventEmitter.emit (events.js:191:7)
14 verbose stack     at ChildProcess.<anonymous> (C:\Program Files\nodejs\node_modules\npm\lib\utils\spawn.js:40:14)
14 verbose stack     at emitTwo (events.js:106:13)
14 verbose stack     at ChildProcess.emit (events.js:191:7)
14 verbose stack     at maybeClose (internal/child_process.js:886:16)
14 verbose stack     at Process.ChildProcess._handle.onexit (internal/child_process.js:226:5)
15 verbose pkgid @
16 verbose cwd C:\ZGDATA\VCS\Configuration\Mean\Angular JS\Angular2\Basic\Components\2 property bindings\Ex1
17 error Windows_NT 6.1.7601
18 error argv "C:\\Program Files\\nodejs\\node.exe" "C:\\Program Files\\nodejs\\node_modules\\npm\\bin\\npm-cli.js" "start"
19 error node v6.10.2
20 error npm  v3.10.10
21 error code ELIFECYCLE
22 error @ start: `concurrently "npm run tscwatch" "npm run lite" `
22 error Exit status 3221225786
23 error Failed at the @ start script 'concurrently "npm run tscwatch" "npm run lite" '.
23 error Make sure you have the latest version of node.js and npm installed.
23 error If you do, this is most likely a problem with the  package,
23 error not with npm itself.
23 error Tell the author that this fails on your system:
23 error     concurrently "npm run tscwatch" "npm run lite"
23 error You can get information on how to open an issue for this project with:
23 error     npm bugs
23 error Or if that isn't available, you can get their info via:
23 error     npm owner ls
23 error There is likely additional logging output above.
24 verbose exit [ 1, true ]
